<?xml version="1.0" encoding="UTF-8"?>
<coverage generated="1631229583200" clover="3.2.0">
  <project timestamp="1631229583200" name="All files">
    <metrics statements="118" coveredstatements="99" conditionals="95" coveredconditionals="71" methods="12" coveredmethods="9" elements="225" coveredelements="179" complexity="0" loc="118" ncloc="118" packages="1" files="3" classes="3"/>
    <file name="config.ts" path="/home/yknx4/Projects/mongodbrest/src/config.ts">
      <metrics statements="1" coveredstatements="1" conditionals="16" coveredconditionals="12" methods="0" coveredmethods="0"/>
      <line num="9" count="1" type="stmt"/>
    </file>
    <file name="sentry.ts" path="/home/yknx4/Projects/mongodbrest/src/sentry.ts">
      <metrics statements="5" coveredstatements="5" conditionals="4" coveredconditionals="3" methods="0" coveredmethods="0"/>
      <line num="1" count="1" type="stmt"/>
      <line num="2" count="1" type="stmt"/>
      <line num="3" count="1" type="stmt"/>
      <line num="6" count="1" type="cond" truecount="3" falsecount="1"/>
      <line num="8" count="1" type="stmt"/>
    </file>
    <file name="server.ts" path="/home/yknx4/Projects/mongodbrest/src/server.ts">
      <metrics statements="112" coveredstatements="93" conditionals="75" coveredconditionals="56" methods="12" coveredmethods="9"/>
      <line num="1" count="1" type="stmt"/>
      <line num="2" count="1" type="stmt"/>
      <line num="3" count="1" type="stmt"/>
      <line num="4" count="1" type="stmt"/>
      <line num="5" count="1" type="stmt"/>
      <line num="6" count="1" type="stmt"/>
      <line num="7" count="1" type="stmt"/>
      <line num="9" count="1" type="stmt"/>
      <line num="11" count="1" type="stmt"/>
      <line num="22" count="11" type="stmt"/>
      <line num="23" count="11" type="stmt"/>
      <line num="24" count="11" type="stmt"/>
      <line num="25" count="11" type="cond" truecount="2" falsecount="0"/>
      <line num="26" count="5" type="stmt"/>
      <line num="28" count="11" type="cond" truecount="2" falsecount="0"/>
      <line num="29" count="6" type="stmt"/>
      <line num="30" count="6" type="stmt"/>
      <line num="31" count="6" type="stmt"/>
      <line num="33" count="11" type="cond" truecount="2" falsecount="0"/>
      <line num="34" count="4" type="stmt"/>
      <line num="37" count="11" type="cond" truecount="2" falsecount="0"/>
      <line num="38" count="8" type="stmt"/>
      <line num="41" count="11" type="cond" truecount="4" falsecount="0"/>
      <line num="42" count="3" type="stmt"/>
      <line num="45" count="11" type="stmt"/>
      <line num="48" count="1" type="stmt"/>
      <line num="49" count="1" type="stmt"/>
      <line num="50" count="1" type="stmt"/>
      <line num="55" count="1" type="cond" truecount="1" falsecount="1"/>
      <line num="56" count="1" type="stmt"/>
      <line num="59" count="1" type="stmt"/>
      <line num="60" count="1" type="stmt"/>
      <line num="62" count="1" type="stmt"/>
      <line num="64" count="1" type="stmt"/>
      <line num="66" count="1" type="stmt"/>
      <line num="69" count="1" type="stmt"/>
      <line num="72" count="1" type="stmt"/>
      <line num="73" count="1" type="stmt"/>
      <line num="74" count="1" type="cond" truecount="2" falsecount="2"/>
      <line num="75" count="0" type="stmt"/>
      <line num="78" count="1" type="stmt"/>
      <line num="80" count="1" type="stmt"/>
      <line num="81" count="1" type="cond" truecount="1" falsecount="1"/>
      <line num="82" count="0" type="stmt"/>
      <line num="85" count="1" type="stmt"/>
      <line num="87" count="1" type="cond" truecount="1" falsecount="1"/>
      <line num="88" count="0" type="stmt"/>
      <line num="91" count="1" type="stmt"/>
      <line num="93" count="1" type="stmt"/>
      <line num="96" count="1" type="stmt"/>
      <line num="99" count="11" type="stmt"/>
      <line num="101" count="11" type="stmt"/>
      <line num="102" count="11" type="stmt"/>
      <line num="103" count="11" type="stmt"/>
      <line num="105" count="11" type="stmt"/>
      <line num="106" count="11" type="cond" truecount="1" falsecount="1"/>
      <line num="107" count="0" type="stmt"/>
      <line num="109" count="11" type="stmt"/>
      <line num="110" count="11" type="stmt"/>
      <line num="112" count="11" type="cond" truecount="2" falsecount="0"/>
      <line num="113" count="5" type="stmt"/>
      <line num="115" count="6" type="stmt"/>
      <line num="118" count="21" type="cond" truecount="5" falsecount="0"/>
      <line num="119" count="1" type="stmt"/>
      <line num="120" count="19" type="cond" truecount="5" falsecount="0"/>
      <line num="121" count="1" type="stmt"/>
      <line num="122" count="15" type="cond" truecount="4" falsecount="0"/>
      <line num="123" count="3" type="stmt"/>
      <line num="124" count="11" type="cond" truecount="5" falsecount="0"/>
      <line num="125" count="1" type="stmt"/>
      <line num="126" count="1" type="cond" truecount="1" falsecount="1"/>
      <line num="127" count="0" type="stmt"/>
      <line num="130" count="1" type="stmt"/>
      <line num="131" count="1" type="cond" truecount="1" falsecount="1"/>
      <line num="132" count="1" type="stmt"/>
      <line num="133" count="1" type="cond" truecount="1" falsecount="1"/>
      <line num="134" count="0" type="stmt"/>
      <line num="138" count="1" type="stmt"/>
      <line num="146" count="9" type="cond" truecount="5" falsecount="0"/>
      <line num="147" count="1" type="stmt"/>
      <line num="148" count="1" type="cond" truecount="1" falsecount="1"/>
      <line num="149" count="0" type="stmt"/>
      <line num="152" count="1" type="stmt"/>
      <line num="153" count="1" type="cond" truecount="1" falsecount="1"/>
      <line num="154" count="1" type="stmt"/>
      <line num="155" count="1" type="cond" truecount="1" falsecount="1"/>
      <line num="156" count="0" type="stmt"/>
      <line num="159" count="1" type="stmt"/>
      <line num="168" count="4" type="cond" truecount="2" falsecount="2"/>
      <line num="169" count="0" type="stmt"/>
      <line num="171" count="4" type="stmt"/>
      <line num="174" count="11" type="cond" truecount="1" falsecount="0"/>
      <line num="175" count="11" type="stmt"/>
      <line num="177" count="0" type="stmt"/>
      <line num="178" count="0" type="stmt"/>
      <line num="182" count="2" type="cond" truecount="1" falsecount="1"/>
      <line num="183" count="0" type="stmt"/>
      <line num="190" count="2" type="cond" truecount="1" falsecount="0"/>
      <line num="198" count="2" type="stmt"/>
      <line num="199" count="2" type="stmt"/>
      <line num="206" count="2" type="stmt"/>
      <line num="208" count="2" type="cond" truecount="1" falsecount="1"/>
      <line num="209" count="0" type="stmt"/>
      <line num="213" count="0" type="stmt"/>
      <line num="214" count="0" type="cond" truecount="0" falsecount="1"/>
      <line num="218" count="0" type="cond" truecount="0" falsecount="1"/>
      <line num="224" count="2" type="stmt"/>
      <line num="226" count="1" type="stmt"/>
      <line num="229" count="1" type="stmt"/>
      <line num="230" count="0" type="cond" truecount="0" falsecount="1"/>
      <line num="231" count="0" type="stmt"/>
      <line num="232" count="0" type="stmt"/>
    </file>
  </project>
</coverage>
