{"/home/yknx4/Projects/mongodbrest/src/config.ts": {"path":"/home/yknx4/Projects/mongodbrest/src/config.ts","statementMap":{"0":{"start":{"line":9,"column":13},"end":{"line":15,"column":null}}},"fnMap":{},"branchMap":{"0":{"loc":{"start":{"line":10,"column":43},"end":{"line":10,"column":47}},"type":"cond-expr","locations":[{"start":{"line":10,"column":43},"end":{"line":10,"column":47}},{"start":{"line":10,"column":47},"end":{"line":10,"column":124}}]},"1":{"loc":{"start":{"line":10,"column":17},"end":{"line":10,"column":47}},"type":"binary-expr","locations":[{"start":{"line":10,"column":17},"end":{"line":10,"column":47}},{"start":{"line":10,"column":43},"end":{"line":10,"column":47}}]},"2":{"loc":{"start":{"line":11,"column":24},"end":{"line":11,"column":28}},"type":"cond-expr","locations":[{"start":{"line":11,"column":24},"end":{"line":11,"column":28}},{"start":{"line":11,"column":28},"end":{"line":11,"column":34}}]},"3":{"loc":{"start":{"line":11,"column":8},"end":{"line":11,"column":28}},"type":"binary-expr","locations":[{"start":{"line":11,"column":8},"end":{"line":11,"column":28}},{"start":{"line":11,"column":24},"end":{"line":11,"column":28}}]},"4":{"loc":{"start":{"line":12,"column":24},"end":{"line":12,"column":28}},"type":"cond-expr","locations":[{"start":{"line":12,"column":24},"end":{"line":12,"column":28}},{"start":{"line":12,"column":28},"end":{"line":12,"column":39}}]},"5":{"loc":{"start":{"line":12,"column":8},"end":{"line":12,"column":28}},"type":"binary-expr","locations":[{"start":{"line":12,"column":8},"end":{"line":12,"column":28}},{"start":{"line":12,"column":24},"end":{"line":12,"column":28}}]},"6":{"loc":{"start":{"line":14,"column":35},"end":{"line":14,"column":39}},"type":"cond-expr","locations":[{"start":{"line":14,"column":35},"end":{"line":14,"column":39}},{"start":{"line":14,"column":39},"end":{"line":14,"column":41}}]},"7":{"loc":{"start":{"line":14,"column":13},"end":{"line":14,"column":39}},"type":"binary-expr","locations":[{"start":{"line":14,"column":13},"end":{"line":14,"column":39}},{"start":{"line":14,"column":35},"end":{"line":14,"column":39}}]}},"s":{"0":1},"f":{},"b":{"0":[0,1],"1":[1,1],"2":[0,1],"3":[1,1],"4":[0,1],"5":[1,1],"6":[0,1],"7":[1,1]}}
,"/home/yknx4/Projects/mongodbrest/src/sentry.ts": {"path":"/home/yknx4/Projects/mongodbrest/src/sentry.ts","statementMap":{"0":{"start":{"line":1,"column":0},"end":{"line":1,"column":38}},"1":{"start":{"line":2,"column":0},"end":{"line":2,"column":24}},"2":{"start":{"line":3,"column":0},"end":{"line":3,"column":33}},"3":{"start":{"line":6,"column":0},"end":{"line":6,"column":null}},"4":{"start":{"line":8,"column":13},"end":{"line":14,"column":null}}},"fnMap":{},"branchMap":{"0":{"loc":{"start":{"line":6,"column":21},"end":{"line":6,"column":30}},"type":"cond-expr","locations":[{"start":{"line":6,"column":21},"end":{"line":6,"column":30}},{"start":{"line":6,"column":34},"end":{"line":6,"column":47}}]},"1":{"loc":{"start":{"line":6,"column":21},"end":{"line":6,"column":34}},"type":"binary-expr","locations":[{"start":{"line":6,"column":21},"end":{"line":6,"column":34}},{"start":{"line":6,"column":21},"end":{"line":6,"column":34}}]}},"s":{"0":1,"1":1,"2":1,"3":1,"4":1},"f":{},"b":{"0":[1,0],"1":[1,1]}}
,"/home/yknx4/Projects/mongodbrest/src/server.ts": {"path":"/home/yknx4/Projects/mongodbrest/src/server.ts","statementMap":{"0":{"start":{"line":1,"column":0},"end":{"line":1,"column":33}},"1":{"start":{"line":2,"column":0},"end":{"line":2,"column":49}},"2":{"start":{"line":3,"column":0},"end":{"line":3,"column":41}},"3":{"start":{"line":4,"column":0},"end":{"line":4,"column":98}},"4":{"start":{"line":5,"column":0},"end":{"line":5,"column":33}},"5":{"start":{"line":6,"column":0},"end":{"line":6,"column":41}},"6":{"start":{"line":7,"column":0},"end":{"line":7,"column":46}},"7":{"start":{"line":9,"column":0},"end":{"line":9,"column":25}},"8":{"start":{"line":11,"column":0},"end":{"line":11,"column":23}},"9":{"start":{"line":22,"column":49},"end":{"line":22,"column":51}},"10":{"start":{"line":23,"column":2},"end":{"line":23,"column":null}},"11":{"start":{"line":24,"column":2},"end":{"line":24,"column":null}},"12":{"start":{"line":25,"column":2},"end":{"line":27,"column":null}},"13":{"start":{"line":26,"column":4},"end":{"line":26,"column":null}},"14":{"start":{"line":28,"column":2},"end":{"line":32,"column":null}},"15":{"start":{"line":29,"column":4},"end":{"line":29,"column":null}},"16":{"start":{"line":30,"column":4},"end":{"line":30,"column":null}},"17":{"start":{"line":31,"column":4},"end":{"line":31,"column":null}},"18":{"start":{"line":33,"column":2},"end":{"line":35,"column":null}},"19":{"start":{"line":34,"column":4},"end":{"line":34,"column":null}},"20":{"start":{"line":37,"column":2},"end":{"line":39,"column":null}},"21":{"start":{"line":38,"column":4},"end":{"line":38,"column":null}},"22":{"start":{"line":41,"column":2},"end":{"line":43,"column":null}},"23":{"start":{"line":42,"column":4},"end":{"line":42,"column":null}},"24":{"start":{"line":45,"column":2},"end":{"line":45,"column":null}},"25":{"start":{"line":48,"column":20},"end":{"line":226,"column":null}},"26":{"start":{"line":48,"column":59},"end":{"line":226,"column":null}},"27":{"start":{"line":49,"column":8},"end":{"line":49,"column":null}},"28":{"start":{"line":50,"column":8},"end":{"line":54,"column":null}},"29":{"start":{"line":55,"column":8},"end":{"line":55,"column":null}},"30":{"start":{"line":56,"column":2},"end":{"line":68,"column":null}},"31":{"start":{"line":59,"column":30},"end":{"line":67,"column":null}},"32":{"start":{"line":60,"column":12},"end":{"line":60,"column":null}},"33":{"start":{"line":62,"column":29},"end":{"line":62,"column":null}},"34":{"start":{"line":62,"column":12},"end":{"line":62,"column":null}},"35":{"start":{"line":64,"column":12},"end":{"line":64,"column":null}},"36":{"start":{"line":66,"column":6},"end":{"line":66,"column":null}},"37":{"start":{"line":69,"column":2},"end":{"line":95,"column":null}},"38":{"start":{"line":72,"column":30},"end":{"line":94,"column":null}},"39":{"start":{"line":73,"column":12},"end":{"line":73,"column":33}},"40":{"start":{"line":74,"column":6},"end":{"line":76,"column":null}},"41":{"start":{"line":75,"column":8},"end":{"line":75,"column":null}},"42":{"start":{"line":78,"column":12},"end":{"line":78,"column":null}},"43":{"start":{"line":80,"column":29},"end":{"line":80,"column":null}},"44":{"start":{"line":80,"column":12},"end":{"line":80,"column":null}},"45":{"start":{"line":81,"column":6},"end":{"line":83,"column":null}},"46":{"start":{"line":82,"column":8},"end":{"line":82,"column":null}},"47":{"start":{"line":85,"column":21},"end":{"line":85,"column":null}},"48":{"start":{"line":85,"column":12},"end":{"line":85,"column":null}},"49":{"start":{"line":87,"column":6},"end":{"line":89,"column":null}},"50":{"start":{"line":88,"column":8},"end":{"line":88,"column":null}},"51":{"start":{"line":91,"column":12},"end":{"line":91,"column":null}},"52":{"start":{"line":93,"column":6},"end":{"line":93,"column":null}},"53":{"start":{"line":96,"column":2},"end":{"line":180,"column":null}},"54":{"start":{"line":99,"column":30},"end":{"line":179,"column":null}},"55":{"start":{"line":101,"column":14},"end":{"line":101,"column":57}},"56":{"start":{"line":102,"column":12},"end":{"line":102,"column":null}},"57":{"start":{"line":103,"column":14},"end":{"line":103,"column":null}},"58":{"start":{"line":105,"column":31},"end":{"line":105,"column":null}},"59":{"start":{"line":105,"column":14},"end":{"line":105,"column":null}},"60":{"start":{"line":106,"column":8},"end":{"line":108,"column":null}},"61":{"start":{"line":107,"column":10},"end":{"line":107,"column":null}},"62":{"start":{"line":109,"column":14},"end":{"line":109,"column":null}},"63":{"start":{"line":110,"column":12},"end":{"line":110,"column":null}},"64":{"start":{"line":112,"column":8},"end":{"line":116,"column":null}},"65":{"start":{"line":113,"column":10},"end":{"line":113,"column":null}},"66":{"start":{"line":115,"column":10},"end":{"line":115,"column":null}},"67":{"start":{"line":118,"column":12},"end":{"line":118,"column":17}},"68":{"start":{"line":119,"column":10},"end":{"line":119,"column":null}},"69":{"start":{"line":120,"column":19},"end":{"line":120,"column":24}},"70":{"start":{"line":121,"column":10},"end":{"line":121,"column":null}},"71":{"start":{"line":122,"column":19},"end":{"line":122,"column":24}},"72":{"start":{"line":123,"column":10},"end":{"line":123,"column":null}},"73":{"start":{"line":124,"column":19},"end":{"line":124,"column":24}},"74":{"start":{"line":125,"column":31},"end":{"line":125,"column":null}},"75":{"start":{"line":125,"column":16},"end":{"line":125,"column":null}},"76":{"start":{"line":126,"column":10},"end":{"line":128,"column":null}},"77":{"start":{"line":127,"column":12},"end":{"line":127,"column":null}},"78":{"start":{"line":130,"column":16},"end":{"line":130,"column":null}},"79":{"start":{"line":131,"column":16},"end":{"line":131,"column":null}},"80":{"start":{"line":132,"column":16},"end":{"line":132,"column":null}},"81":{"start":{"line":133,"column":10},"end":{"line":135,"column":null}},"82":{"start":{"line":134,"column":12},"end":{"line":134,"column":null}},"83":{"start":{"line":138,"column":10},"end":{"line":145,"column":null}},"84":{"start":{"line":146,"column":19},"end":{"line":146,"column":24}},"85":{"start":{"line":147,"column":31},"end":{"line":147,"column":null}},"86":{"start":{"line":147,"column":16},"end":{"line":147,"column":null}},"87":{"start":{"line":148,"column":10},"end":{"line":150,"column":null}},"88":{"start":{"line":149,"column":12},"end":{"line":149,"column":null}},"89":{"start":{"line":152,"column":16},"end":{"line":152,"column":null}},"90":{"start":{"line":153,"column":16},"end":{"line":153,"column":null}},"91":{"start":{"line":154,"column":16},"end":{"line":154,"column":null}},"92":{"start":{"line":155,"column":10},"end":{"line":157,"column":null}},"93":{"start":{"line":156,"column":12},"end":{"line":156,"column":null}},"94":{"start":{"line":159,"column":10},"end":{"line":166,"column":null}},"95":{"start":{"line":167,"column":15},"end":{"line":171,"column":null}},"96":{"start":{"line":168,"column":10},"end":{"line":168,"column":null}},"97":{"start":{"line":170,"column":10},"end":{"line":170,"column":null}},"98":{"start":{"line":173,"column":23},"end":{"line":173,"column":null}},"99":{"start":{"line":173,"column":14},"end":{"line":173,"column":null}},"100":{"start":{"line":174,"column":8},"end":{"line":174,"column":null}},"101":{"start":{"line":176,"column":8},"end":{"line":176,"column":null}},"102":{"start":{"line":177,"column":8},"end":{"line":177,"column":null}},"103":{"start":{"line":181,"column":6},"end":{"line":181,"column":18}},"104":{"start":{"line":182,"column":4},"end":{"line":187,"column":null}},"105":{"start":{"line":189,"column":2},"end":{"line":196,"column":null}},"106":{"start":{"line":197,"column":2},"end":{"line":197,"column":null}},"107":{"start":{"line":198,"column":2},"end":{"line":203,"column":null}},"108":{"start":{"line":205,"column":2},"end":{"line":205,"column":null}},"109":{"start":{"line":207,"column":6},"end":{"line":207,"column":18}},"110":{"start":{"line":208,"column":4},"end":{"line":220,"column":null}},"111":{"start":{"line":212,"column":18},"end":{"line":214,"column":null}},"112":{"start":{"line":213,"column":12},"end":{"line":213,"column":null}},"113":{"start":{"line":217,"column":19},"end":{"line":217,"column":null}},"114":{"start":{"line":217,"column":33},"end":{"line":217,"column":72}},"115":{"start":{"line":223,"column":2},"end":{"line":223,"column":null}},"116":{"start":{"line":225,"column":2},"end":{"line":225,"column":null}},"117":{"start":{"line":48,"column":13},"end":{"line":48,"column":20}},"118":{"start":{"line":229,"column":2},"end":{"line":229,"column":null}},"119":{"start":{"line":230,"column":2},"end":{"line":230,"column":null}},"120":{"start":{"line":231,"column":2},"end":{"line":231,"column":null}},"121":{"start":{"line":228,"column":0},"end":{"line":228,"column":22}}},"fnMap":{"0":{"name":"validateParams","decl":{"start":{"line":21,"column":9},"end":{"line":21,"column":23}},"loc":{"start":{"line":21,"column":58},"end":{"line":46,"column":1}}},"1":{"name":"(anonymous_17)","decl":{"start":{"line":48,"column":20},"end":{"line":48,"column":27}},"loc":{"start":{"line":48,"column":59},"end":{"line":226,"column":null}}},"2":{"name":"(anonymous_18)","decl":{"start":{"line":48,"column":59},"end":{"line":48,"column":null}},"loc":{"start":{"line":48,"column":59},"end":{"line":226,"column":null}}},"3":{"name":"(anonymous_20)","decl":{"start":{"line":59,"column":13},"end":{"line":59,"column":20}},"loc":{"start":{"line":59,"column":30},"end":{"line":67,"column":null}}},"4":{"name":"(anonymous_21)","decl":{"start":{"line":59,"column":30},"end":{"line":59,"column":null}},"loc":{"start":{"line":59,"column":30},"end":{"line":67,"column":null}}},"5":{"name":"(anonymous_23)","decl":{"start":{"line":72,"column":13},"end":{"line":72,"column":20}},"loc":{"start":{"line":72,"column":30},"end":{"line":94,"column":null}}},"6":{"name":"(anonymous_24)","decl":{"start":{"line":72,"column":30},"end":{"line":72,"column":null}},"loc":{"start":{"line":72,"column":30},"end":{"line":94,"column":null}}},"7":{"name":"(anonymous_26)","decl":{"start":{"line":99,"column":13},"end":{"line":99,"column":20}},"loc":{"start":{"line":99,"column":30},"end":{"line":179,"column":null}}},"8":{"name":"(anonymous_27)","decl":{"start":{"line":99,"column":30},"end":{"line":99,"column":null}},"loc":{"start":{"line":99,"column":30},"end":{"line":179,"column":null}}},"9":{"name":"(anonymous_29)","decl":{"start":{"line":212,"column":18},"end":{"line":212,"column":null}},"loc":{"start":{"line":212,"column":18},"end":{"line":214,"column":null}}},"10":{"name":"(anonymous_32)","decl":{"start":{"line":217,"column":19},"end":{"line":217,"column":33}},"loc":{"start":{"line":217,"column":19},"end":{"line":217,"column":null}}},"11":{"name":"start","decl":{"start":{"line":228,"column":22},"end":{"line":228,"column":27}},"loc":{"start":{"line":228,"column":43},"end":{"line":232,"column":null}}}},"branchMap":{"0":{"loc":{"start":{"line":25,"column":2},"end":{"line":27,"column":null}},"type":"if","locations":[{"start":{"line":25,"column":2},"end":{"line":27,"column":null}},{"start":{"line":25,"column":2},"end":{"line":27,"column":null}}]},"1":{"loc":{"start":{"line":28,"column":2},"end":{"line":32,"column":null}},"type":"if","locations":[{"start":{"line":28,"column":2},"end":{"line":32,"column":null}},{"start":{"line":28,"column":2},"end":{"line":32,"column":null}}]},"2":{"loc":{"start":{"line":33,"column":2},"end":{"line":35,"column":null}},"type":"if","locations":[{"start":{"line":33,"column":2},"end":{"line":35,"column":null}},{"start":{"line":33,"column":2},"end":{"line":35,"column":null}}]},"3":{"loc":{"start":{"line":37,"column":2},"end":{"line":39,"column":null}},"type":"if","locations":[{"start":{"line":37,"column":2},"end":{"line":39,"column":null}},{"start":{"line":37,"column":2},"end":{"line":39,"column":null}}]},"4":{"loc":{"start":{"line":41,"column":2},"end":{"line":43,"column":null}},"type":"if","locations":[{"start":{"line":41,"column":2},"end":{"line":43,"column":null}},{"start":{"line":41,"column":2},"end":{"line":43,"column":null}}]},"5":{"loc":{"start":{"line":41,"column":6},"end":{"line":41,"column":32}},"type":"binary-expr","locations":[{"start":{"line":41,"column":6},"end":{"line":41,"column":32}},{"start":{"line":41,"column":36},"end":{"line":41,"column":54}}]},"6":{"loc":{"start":{"line":189,"column":2},"end":{"line":196,"column":null}},"type":"switch","locations":[{"start":{"line":189,"column":2},"end":{"line":196,"column":null}}]},"7":{"loc":{"start":{"line":55,"column":130},"end":{"line":55,"column":136}},"type":"cond-expr","locations":[{"start":{"line":55,"column":130},"end":{"line":55,"column":136}},{"start":{"line":55,"column":139},"end":{"line":55,"column":146}}]},"8":{"loc":{"start":{"line":74,"column":6},"end":{"line":76,"column":null}},"type":"if","locations":[{"start":{"line":74,"column":6},"end":{"line":76,"column":null}},{"start":{"line":74,"column":6},"end":{"line":76,"column":null}}]},"9":{"loc":{"start":{"line":74,"column":10},"end":{"line":74,"column":40}},"type":"binary-expr","locations":[{"start":{"line":74,"column":10},"end":{"line":74,"column":40}},{"start":{"line":74,"column":44},"end":{"line":74,"column":66}}]},"10":{"loc":{"start":{"line":81,"column":6},"end":{"line":83,"column":null}},"type":"if","locations":[{"start":{"line":81,"column":6},"end":{"line":83,"column":null}},{"start":{"line":81,"column":6},"end":{"line":83,"column":null}}]},"11":{"loc":{"start":{"line":87,"column":6},"end":{"line":89,"column":null}},"type":"if","locations":[{"start":{"line":87,"column":6},"end":{"line":89,"column":null}},{"start":{"line":87,"column":6},"end":{"line":89,"column":null}}]},"12":{"loc":{"start":{"line":173,"column":23},"end":{"line":173,"column":null}},"type":"switch","locations":[{"start":{"line":173,"column":23},"end":{"line":173,"column":null}}]},"13":{"loc":{"start":{"line":106,"column":8},"end":{"line":108,"column":null}},"type":"if","locations":[{"start":{"line":106,"column":8},"end":{"line":108,"column":null}},{"start":{"line":106,"column":8},"end":{"line":108,"column":null}}]},"14":{"loc":{"start":{"line":112,"column":8},"end":{"line":116,"column":null}},"type":"if","locations":[{"start":{"line":112,"column":8},"end":{"line":116,"column":null}},{"start":{"line":112,"column":8},"end":{"line":116,"column":null}}]},"15":{"loc":{"start":{"line":118,"column":12},"end":{"line":118,"column":17}},"type":"if","locations":[{"start":{"line":118,"column":12},"end":{"line":118,"column":17}},{"start":{"line":118,"column":12},"end":{"line":118,"column":17}}]},"16":{"loc":{"start":{"line":118,"column":12},"end":{"line":118,"column":31}},"type":"binary-expr","locations":[{"start":{"line":118,"column":12},"end":{"line":118,"column":31}},{"start":{"line":118,"column":35},"end":{"line":118,"column":53}},{"start":{"line":118,"column":57},"end":{"line":118,"column":75}}]},"17":{"loc":{"start":{"line":120,"column":19},"end":{"line":120,"column":24}},"type":"if","locations":[{"start":{"line":120,"column":19},"end":{"line":120,"column":24}},{"start":{"line":120,"column":19},"end":{"line":120,"column":24}}]},"18":{"loc":{"start":{"line":120,"column":19},"end":{"line":120,"column":38}},"type":"binary-expr","locations":[{"start":{"line":120,"column":19},"end":{"line":120,"column":38}},{"start":{"line":120,"column":42},"end":{"line":120,"column":60}},{"start":{"line":120,"column":64},"end":{"line":120,"column":82}}]},"19":{"loc":{"start":{"line":122,"column":19},"end":{"line":122,"column":24}},"type":"if","locations":[{"start":{"line":122,"column":19},"end":{"line":122,"column":24}},{"start":{"line":122,"column":19},"end":{"line":122,"column":24}}]},"20":{"loc":{"start":{"line":122,"column":19},"end":{"line":122,"column":38}},"type":"binary-expr","locations":[{"start":{"line":122,"column":19},"end":{"line":122,"column":38}},{"start":{"line":122,"column":42},"end":{"line":122,"column":60}}]},"21":{"loc":{"start":{"line":124,"column":19},"end":{"line":124,"column":24}},"type":"if","locations":[{"start":{"line":124,"column":19},"end":{"line":124,"column":24}},{"start":{"line":124,"column":19},"end":{"line":124,"column":24}}]},"22":{"loc":{"start":{"line":124,"column":19},"end":{"line":124,"column":38}},"type":"binary-expr","locations":[{"start":{"line":124,"column":19},"end":{"line":124,"column":38}},{"start":{"line":124,"column":42},"end":{"line":124,"column":60}},{"start":{"line":124,"column":64},"end":{"line":124,"column":82}}]},"23":{"loc":{"start":{"line":126,"column":10},"end":{"line":128,"column":null}},"type":"if","locations":[{"start":{"line":126,"column":10},"end":{"line":128,"column":null}},{"start":{"line":126,"column":10},"end":{"line":128,"column":null}}]},"24":{"loc":{"start":{"line":131,"column":47},"end":{"line":131,"column":52}},"type":"cond-expr","locations":[{"start":{"line":131,"column":47},"end":{"line":131,"column":52}},{"start":{"line":131,"column":55},"end":{"line":131,"column":60}}]},"25":{"loc":{"start":{"line":133,"column":10},"end":{"line":135,"column":null}},"type":"if","locations":[{"start":{"line":133,"column":10},"end":{"line":135,"column":null}},{"start":{"line":133,"column":10},"end":{"line":135,"column":null}}]},"26":{"loc":{"start":{"line":146,"column":19},"end":{"line":146,"column":24}},"type":"if","locations":[{"start":{"line":146,"column":19},"end":{"line":146,"column":24}},{"start":{"line":146,"column":19},"end":{"line":146,"column":24}}]},"27":{"loc":{"start":{"line":146,"column":19},"end":{"line":146,"column":38}},"type":"binary-expr","locations":[{"start":{"line":146,"column":19},"end":{"line":146,"column":38}},{"start":{"line":146,"column":42},"end":{"line":146,"column":60}},{"start":{"line":146,"column":64},"end":{"line":146,"column":82}}]},"28":{"loc":{"start":{"line":148,"column":10},"end":{"line":150,"column":null}},"type":"if","locations":[{"start":{"line":148,"column":10},"end":{"line":150,"column":null}},{"start":{"line":148,"column":10},"end":{"line":150,"column":null}}]},"29":{"loc":{"start":{"line":153,"column":47},"end":{"line":153,"column":52}},"type":"cond-expr","locations":[{"start":{"line":153,"column":47},"end":{"line":153,"column":52}},{"start":{"line":153,"column":55},"end":{"line":153,"column":60}}]},"30":{"loc":{"start":{"line":155,"column":10},"end":{"line":157,"column":null}},"type":"if","locations":[{"start":{"line":155,"column":10},"end":{"line":157,"column":null}},{"start":{"line":155,"column":10},"end":{"line":157,"column":null}}]},"31":{"loc":{"start":{"line":167,"column":15},"end":{"line":171,"column":null}},"type":"if","locations":[{"start":{"line":167,"column":15},"end":{"line":171,"column":null}},{"start":{"line":167,"column":15},"end":{"line":171,"column":null}}]},"32":{"loc":{"start":{"line":167,"column":19},"end":{"line":167,"column":38}},"type":"binary-expr","locations":[{"start":{"line":167,"column":19},"end":{"line":167,"column":38}},{"start":{"line":167,"column":42},"end":{"line":167,"column":60}}]},"33":{"loc":{"start":{"line":181,"column":6},"end":{"line":181,"column":18}},"type":"if","locations":[{"start":{"line":181,"column":6},"end":{"line":181,"column":18}},{"start":{"line":181,"column":6},"end":{"line":181,"column":18}}]},"34":{"loc":{"start":{"line":207,"column":6},"end":{"line":207,"column":18}},"type":"if","locations":[{"start":{"line":207,"column":6},"end":{"line":207,"column":18}},{"start":{"line":207,"column":6},"end":{"line":207,"column":18}}]},"35":{"loc":{"start":{"line":213,"column":12},"end":{"line":213,"column":null}},"type":"switch","locations":[{"start":{"line":213,"column":12},"end":{"line":213,"column":null}}]},"36":{"loc":{"start":{"line":217,"column":33},"end":{"line":217,"column":72}},"type":"switch","locations":[{"start":{"line":217,"column":33},"end":{"line":217,"column":72}}]},"37":{"loc":{"start":{"line":229,"column":2},"end":{"line":229,"column":null}},"type":"switch","locations":[{"start":{"line":229,"column":2},"end":{"line":229,"column":null}}]}},"s":{"0":1,"1":1,"2":1,"3":1,"4":1,"5":1,"6":1,"7":1,"8":1,"9":11,"10":11,"11":11,"12":11,"13":5,"14":11,"15":6,"16":6,"17":6,"18":11,"19":4,"20":11,"21":8,"22":11,"23":3,"24":11,"25":1,"26":1,"27":1,"28":1,"29":1,"30":1,"31":1,"32":1,"33":1,"34":1,"35":1,"36":1,"37":1,"38":1,"39":1,"40":1,"41":0,"42":1,"43":1,"44":1,"45":1,"46":0,"47":1,"48":1,"49":1,"50":0,"51":1,"52":1,"53":1,"54":11,"55":11,"56":11,"57":11,"58":11,"59":11,"60":11,"61":0,"62":11,"63":11,"64":11,"65":5,"66":6,"67":21,"68":1,"69":19,"70":1,"71":15,"72":3,"73":11,"74":1,"75":1,"76":1,"77":0,"78":1,"79":1,"80":1,"81":1,"82":0,"83":1,"84":9,"85":1,"86":1,"87":1,"88":0,"89":1,"90":1,"91":1,"92":1,"93":0,"94":1,"95":4,"96":0,"97":4,"98":11,"99":11,"100":11,"101":0,"102":0,"103":2,"104":0,"105":2,"106":2,"107":2,"108":2,"109":2,"110":0,"111":0,"112":0,"113":0,"114":0,"115":2,"116":1,"117":1,"118":0,"119":0,"120":0,"121":1},"f":{"0":11,"1":1,"2":1,"3":1,"4":1,"5":1,"6":1,"7":11,"8":11,"9":0,"10":0,"11":0},"b":{"0":[5,6],"1":[6,5],"2":[4,7],"3":[8,3],"4":[3,8],"5":[11,8],"6":[1],"7":[0,1],"8":[0,1],"9":[1,0],"10":[0,1],"11":[0,1],"12":[11],"13":[0,11],"14":[5,6],"15":[10,1],"16":[11,6,2],"17":[9,1],"18":[10,5,2],"19":[6,3],"20":[9,4],"21":[5,1],"22":[6,1,1],"23":[0,1],"24":[1,0],"25":[0,1],"26":[4,1],"27":[5,5,3],"28":[0,1],"29":[1,0],"30":[0,1],"31":[0,4],"32":[4,0],"33":[1,0],"34":[1,0],"35":[0],"36":[0],"37":[0]}}
}
