TN:
SF:src/config.ts
FNF:0
FNH:0
DA:9,1
LF:1
LH:1
BRDA:10,0,0,0
BRDA:10,0,1,1
BRDA:10,1,0,1
BRDA:10,1,1,1
BRDA:11,2,0,0
BRDA:11,2,1,1
BRDA:11,3,0,1
BRDA:11,3,1,1
BRDA:12,4,0,0
BRDA:12,4,1,1
BRDA:12,5,0,1
BRDA:12,5,1,1
BRDA:14,6,0,0
BRDA:14,6,1,1
BRDA:14,7,0,1
BRDA:14,7,1,1
BRF:16
BRH:12
end_of_record
TN:
SF:src/sentry.ts
FNF:0
FNH:0
DA:1,1
DA:2,1
DA:3,1
DA:6,1
DA:8,1
LF:5
LH:5
BRDA:6,0,0,1
BRDA:6,0,1,0
BRDA:6,1,0,1
BRDA:6,1,1,1
BRF:4
BRH:3
end_of_record
TN:
SF:src/server.ts
FN:21,validateParams
FN:48,(anonymous_17)
FN:48,(anonymous_18)
FN:59,(anonymous_20)
FN:59,(anonymous_21)
FN:72,(anonymous_23)
FN:72,(anonymous_24)
FN:99,(anonymous_26)
FN:99,(anonymous_27)
FN:212,(anonymous_29)
FN:217,(anonymous_32)
FN:228,start
FNF:12
FNH:9
FNDA:11,validateParams
FNDA:1,(anonymous_17)
FNDA:1,(anonymous_18)
FNDA:1,(anonymous_20)
FNDA:1,(anonymous_21)
FNDA:1,(anonymous_23)
FNDA:1,(anonymous_24)
FNDA:11,(anonymous_26)
FNDA:11,(anonymous_27)
FNDA:0,(anonymous_29)
FNDA:0,(anonymous_32)
FNDA:0,start
DA:1,1
DA:2,1
DA:3,1
DA:4,1
DA:5,1
DA:6,1
DA:7,1
DA:9,1
DA:11,1
DA:22,11
DA:23,11
DA:24,11
DA:25,11
DA:26,5
DA:28,11
DA:29,6
DA:30,6
DA:31,6
DA:33,11
DA:34,4
DA:37,11
DA:38,8
DA:41,11
DA:42,3
DA:45,11
DA:48,1
DA:49,1
DA:50,1
DA:55,1
DA:56,1
DA:59,1
DA:60,1
DA:62,1
DA:64,1
DA:66,1
DA:69,1
DA:72,1
DA:73,1
DA:74,1
DA:75,0
DA:78,1
DA:80,1
DA:81,1
DA:82,0
DA:85,1
DA:87,1
DA:88,0
DA:91,1
DA:93,1
DA:96,1
DA:99,11
DA:101,11
DA:102,11
DA:103,11
DA:105,11
DA:106,11
DA:107,0
DA:109,11
DA:110,11
DA:112,11
DA:113,5
DA:115,6
DA:118,21
DA:119,1
DA:120,19
DA:121,1
DA:122,15
DA:123,3
DA:124,11
DA:125,1
DA:126,1
DA:127,0
DA:130,1
DA:131,1
DA:132,1
DA:133,1
DA:134,0
DA:138,1
DA:146,9
DA:147,1
DA:148,1
DA:149,0
DA:152,1
DA:153,1
DA:154,1
DA:155,1
DA:156,0
DA:159,1
DA:167,4
DA:168,0
DA:170,4
DA:173,11
DA:174,11
DA:176,0
DA:177,0
DA:181,2
DA:182,0
DA:189,2
DA:197,2
DA:198,2
DA:205,2
DA:207,2
DA:208,0
DA:212,0
DA:213,0
DA:217,0
DA:223,2
DA:225,1
DA:228,1
DA:229,0
DA:230,0
DA:231,0
LF:112
LH:93
BRDA:25,0,0,5
BRDA:25,0,1,6
BRDA:28,1,0,6
BRDA:28,1,1,5
BRDA:33,2,0,4
BRDA:33,2,1,7
BRDA:37,3,0,8
BRDA:37,3,1,3
BRDA:41,4,0,3
BRDA:41,4,1,8
BRDA:41,5,0,11
BRDA:41,5,1,8
BRDA:189,6,0,1
BRDA:55,7,0,0
BRDA:55,7,1,1
BRDA:74,8,0,0
BRDA:74,8,1,1
BRDA:74,9,0,1
BRDA:74,9,1,0
BRDA:81,10,0,0
BRDA:81,10,1,1
BRDA:87,11,0,0
BRDA:87,11,1,1
BRDA:173,12,0,11
BRDA:106,13,0,0
BRDA:106,13,1,11
BRDA:112,14,0,5
BRDA:112,14,1,6
BRDA:118,15,0,10
BRDA:118,15,1,1
BRDA:118,16,0,11
BRDA:118,16,1,6
BRDA:118,16,2,2
BRDA:120,17,0,9
BRDA:120,17,1,1
BRDA:120,18,0,10
BRDA:120,18,1,5
BRDA:120,18,2,2
BRDA:122,19,0,6
BRDA:122,19,1,3
BRDA:122,20,0,9
BRDA:122,20,1,4
BRDA:124,21,0,5
BRDA:124,21,1,1
BRDA:124,22,0,6
BRDA:124,22,1,1
BRDA:124,22,2,1
BRDA:126,23,0,0
BRDA:126,23,1,1
BRDA:131,24,0,1
BRDA:131,24,1,0
BRDA:133,25,0,0
BRDA:133,25,1,1
BRDA:146,26,0,4
BRDA:146,26,1,1
BRDA:146,27,0,5
BRDA:146,27,1,5
BRDA:146,27,2,3
BRDA:148,28,0,0
BRDA:148,28,1,1
BRDA:153,29,0,1
BRDA:153,29,1,0
BRDA:155,30,0,0
BRDA:155,30,1,1
BRDA:167,31,0,0
BRDA:167,31,1,4
BRDA:167,32,0,4
BRDA:167,32,1,0
BRDA:181,33,0,1
BRDA:181,33,1,0
BRDA:207,34,0,1
BRDA:207,34,1,0
BRDA:213,35,0,0
BRDA:217,36,0,0
BRDA:229,37,0,0
BRF:75
BRH:56
end_of_record
